2018-02-10 00:00:03.374  INFO 5583 --- [main] spring.test.SpringServiceTest            : Starting SpringServiceTest on MacBookPro with PID 5583 (started by lang in /Users/lang/Desktop/github/java/blog)
2018-02-10 00:00:03.379  INFO 5583 --- [main] spring.test.SpringServiceTest            : No active profile set, falling back to default profiles: default
2018-02-10 00:00:03.410  INFO 5583 --- [main] o.s.w.c.s.GenericWebApplicationContext   : Refreshing org.springframework.web.context.support.GenericWebApplicationContext@730d2164: startup date [Sat Feb 10 00:00:03 CST 2018]; root of context hierarchy
2018-02-10 00:00:03.956  INFO 5583 --- [main] .s.d.r.c.RepositoryConfigurationDelegate : Multiple Spring Data modules found, entering strict repository configuration mode!
2018-02-10 00:00:04.317  INFO 5583 --- [main] trationDelegate$BeanPostProcessorChecker : Bean 'org.springframework.transaction.annotation.ProxyTransactionManagementConfiguration' of type [org.springframework.transaction.annotation.ProxyTransactionManagementConfiguration$$EnhancerBySpringCGLIB$$41f669c6] is not eligible for getting processed by all BeanPostProcessors (for example: not eligible for auto-proxying)
2018-02-10 00:00:05.475  INFO 5583 --- [main] s.w.s.m.m.a.RequestMappingHandlerAdapter : Looking for @ControllerAdvice: org.springframework.web.context.support.GenericWebApplicationContext@730d2164: startup date [Sat Feb 10 00:00:03 CST 2018]; root of context hierarchy
2018-02-10 00:00:05.546  INFO 5583 --- [main] s.w.s.m.m.a.RequestMappingHandlerMapping : Mapped "{[/hello/save],methods=[GET]}" onto public java.lang.String org.blog.controller.HelloController.save(java.lang.String,java.lang.String)
2018-02-10 00:00:05.547  INFO 5583 --- [main] s.w.s.m.m.a.RequestMappingHandlerMapping : Mapped "{[/hello/insert],methods=[GET]}" onto public java.lang.String org.blog.controller.HelloController.insert(java.lang.String)
2018-02-10 00:00:05.548  INFO 5583 --- [main] s.w.s.m.m.a.RequestMappingHandlerMapping : Mapped "{[/hello/sayHello]}" onto public java.lang.String org.blog.controller.HelloController.sayHello()
2018-02-10 00:00:05.548  INFO 5583 --- [main] s.w.s.m.m.a.RequestMappingHandlerMapping : Mapped "{[/hello/say]}" onto public java.lang.String org.blog.controller.HelloController.say(java.lang.String)
2018-02-10 00:00:05.548  INFO 5583 --- [main] s.w.s.m.m.a.RequestMappingHandlerMapping : Mapped "{[/hello/redis],methods=[GET]}" onto public java.lang.String org.blog.controller.HelloController.redis(java.lang.String)
2018-02-10 00:00:05.552  INFO 5583 --- [main] s.w.s.m.m.a.RequestMappingHandlerMapping : Mapped "{[/error]}" onto public org.springframework.http.ResponseEntity<java.util.Map<java.lang.String, java.lang.Object>> org.springframework.boot.autoconfigure.web.servlet.error.BasicErrorController.error(javax.servlet.http.HttpServletRequest)
2018-02-10 00:00:05.553  INFO 5583 --- [main] s.w.s.m.m.a.RequestMappingHandlerMapping : Mapped "{[/error],produces=[text/html]}" onto public org.springframework.web.servlet.ModelAndView org.springframework.boot.autoconfigure.web.servlet.error.BasicErrorController.errorHtml(javax.servlet.http.HttpServletRequest,javax.servlet.http.HttpServletResponse)
2018-02-10 00:00:05.591  INFO 5583 --- [main] o.s.w.s.handler.SimpleUrlHandlerMapping  : Mapped URL path [/webjars/**] onto handler of type [class org.springframework.web.servlet.resource.ResourceHttpRequestHandler]
2018-02-10 00:00:05.592  INFO 5583 --- [main] o.s.w.s.handler.SimpleUrlHandlerMapping  : Mapped URL path [/**] onto handler of type [class org.springframework.web.servlet.resource.ResourceHttpRequestHandler]
2018-02-10 00:00:05.667  INFO 5583 --- [main] o.s.w.s.handler.SimpleUrlHandlerMapping  : Mapped URL path [/**/favicon.ico] onto handler of type [class org.springframework.web.servlet.resource.ResourceHttpRequestHandler]
2018-02-10 00:00:05.993  INFO 5583 --- [main] spring.test.SpringServiceTest            : Started SpringServiceTest in 2.851 seconds (JVM running for 3.566)
2018-02-10 00:00:06.127  INFO 5583 --- [main] com.zaxxer.hikari.HikariDataSource       : HikariPool-1 - Starting...
2018-02-10 00:00:06.132  WARN 5583 --- [main] com.zaxxer.hikari.util.DriverDataSource  : Registered driver with driverClassName=com.mysql.jdbc.Driver was not found, trying direct instantiation.
2018-02-10 00:00:06.505  INFO 5583 --- [main] com.zaxxer.hikari.HikariDataSource       : HikariPool-1 - Start completed.
2018-02-10 00:00:06.554  INFO 5583 --- [main] o.s.b.f.xml.XmlBeanDefinitionReader      : Loading XML bean definitions from class path resource [org/springframework/jdbc/support/sql-error-codes.xml]
2018-02-10 00:00:06.600  INFO 5583 --- [main] o.s.jdbc.support.SQLErrorCodesFactory    : SQLErrorCodes loaded: [DB2, Derby, H2, HSQL, Informix, MS-SQL, MySQL, Oracle, PostgreSQL, Sybase, Hana]
2018-02-10 00:00:06.610  INFO 5583 --- [Thread-4] o.s.w.c.s.GenericWebApplicationContext   : Closing org.springframework.web.context.support.GenericWebApplicationContext@730d2164: startup date [Sat Feb 10 00:00:03 CST 2018]; root of context hierarchy
2018-02-10 00:00:06.614  INFO 5583 --- [Thread-4] com.zaxxer.hikari.HikariDataSource       : HikariPool-1 - Shutdown initiated...
2018-02-10 00:00:06.778  INFO 5583 --- [Thread-4] com.zaxxer.hikari.HikariDataSource       : HikariPool-1 - Shutdown completed.
2018-02-10 00:01:42.640  INFO 5587 --- [main] spring.test.SpringServiceTest            : Starting SpringServiceTest on MacBookPro with PID 5587 (started by lang in /Users/lang/Desktop/github/java/blog)
2018-02-10 00:01:42.642  INFO 5587 --- [main] spring.test.SpringServiceTest            : No active profile set, falling back to default profiles: default
2018-02-10 00:01:42.671  INFO 5587 --- [main] o.s.w.c.s.GenericWebApplicationContext   : Refreshing org.springframework.web.context.support.GenericWebApplicationContext@730d2164: startup date [Sat Feb 10 00:01:42 CST 2018]; root of context hierarchy
2018-02-10 00:01:43.221  INFO 5587 --- [main] .s.d.r.c.RepositoryConfigurationDelegate : Multiple Spring Data modules found, entering strict repository configuration mode!
2018-02-10 00:01:43.605  INFO 5587 --- [main] trationDelegate$BeanPostProcessorChecker : Bean 'org.springframework.transaction.annotation.ProxyTransactionManagementConfiguration' of type [org.springframework.transaction.annotation.ProxyTransactionManagementConfiguration$$EnhancerBySpringCGLIB$$29a69c02] is not eligible for getting processed by all BeanPostProcessors (for example: not eligible for auto-proxying)
2018-02-10 00:01:44.667  INFO 5587 --- [main] s.w.s.m.m.a.RequestMappingHandlerAdapter : Looking for @ControllerAdvice: org.springframework.web.context.support.GenericWebApplicationContext@730d2164: startup date [Sat Feb 10 00:01:42 CST 2018]; root of context hierarchy
2018-02-10 00:01:44.739  INFO 5587 --- [main] s.w.s.m.m.a.RequestMappingHandlerMapping : Mapped "{[/hello/save],methods=[GET]}" onto public java.lang.String org.blog.controller.HelloController.save(java.lang.String,java.lang.String)
2018-02-10 00:01:44.740  INFO 5587 --- [main] s.w.s.m.m.a.RequestMappingHandlerMapping : Mapped "{[/hello/insert],methods=[GET]}" onto public java.lang.String org.blog.controller.HelloController.insert(java.lang.String)
2018-02-10 00:01:44.740  INFO 5587 --- [main] s.w.s.m.m.a.RequestMappingHandlerMapping : Mapped "{[/hello/redis],methods=[GET]}" onto public java.lang.String org.blog.controller.HelloController.redis(java.lang.String)
2018-02-10 00:01:44.741  INFO 5587 --- [main] s.w.s.m.m.a.RequestMappingHandlerMapping : Mapped "{[/hello/say]}" onto public java.lang.String org.blog.controller.HelloController.say(java.lang.String)
2018-02-10 00:01:44.741  INFO 5587 --- [main] s.w.s.m.m.a.RequestMappingHandlerMapping : Mapped "{[/hello/sayHello]}" onto public java.lang.String org.blog.controller.HelloController.sayHello()
2018-02-10 00:01:44.743  INFO 5587 --- [main] s.w.s.m.m.a.RequestMappingHandlerMapping : Mapped "{[/error]}" onto public org.springframework.http.ResponseEntity<java.util.Map<java.lang.String, java.lang.Object>> org.springframework.boot.autoconfigure.web.servlet.error.BasicErrorController.error(javax.servlet.http.HttpServletRequest)
2018-02-10 00:01:44.744  INFO 5587 --- [main] s.w.s.m.m.a.RequestMappingHandlerMapping : Mapped "{[/error],produces=[text/html]}" onto public org.springframework.web.servlet.ModelAndView org.springframework.boot.autoconfigure.web.servlet.error.BasicErrorController.errorHtml(javax.servlet.http.HttpServletRequest,javax.servlet.http.HttpServletResponse)
2018-02-10 00:01:44.783  INFO 5587 --- [main] o.s.w.s.handler.SimpleUrlHandlerMapping  : Mapped URL path [/webjars/**] onto handler of type [class org.springframework.web.servlet.resource.ResourceHttpRequestHandler]
2018-02-10 00:01:44.784  INFO 5587 --- [main] o.s.w.s.handler.SimpleUrlHandlerMapping  : Mapped URL path [/**] onto handler of type [class org.springframework.web.servlet.resource.ResourceHttpRequestHandler]
2018-02-10 00:01:44.852  INFO 5587 --- [main] o.s.w.s.handler.SimpleUrlHandlerMapping  : Mapped URL path [/**/favicon.ico] onto handler of type [class org.springframework.web.servlet.resource.ResourceHttpRequestHandler]
2018-02-10 00:01:45.198  INFO 5587 --- [main] spring.test.SpringServiceTest            : Started SpringServiceTest in 2.783 seconds (JVM running for 3.502)
2018-02-10 00:01:45.310  INFO 5587 --- [main] com.zaxxer.hikari.HikariDataSource       : HikariPool-1 - Starting...
2018-02-10 00:01:45.314  WARN 5587 --- [main] com.zaxxer.hikari.util.DriverDataSource  : Registered driver with driverClassName=com.mysql.jdbc.Driver was not found, trying direct instantiation.
2018-02-10 00:01:45.676  INFO 5587 --- [main] com.zaxxer.hikari.HikariDataSource       : HikariPool-1 - Start completed.
2018-02-10 00:01:45.711  INFO 5587 --- [Thread-4] o.s.w.c.s.GenericWebApplicationContext   : Closing org.springframework.web.context.support.GenericWebApplicationContext@730d2164: startup date [Sat Feb 10 00:01:42 CST 2018]; root of context hierarchy
2018-02-10 00:01:45.715  INFO 5587 --- [Thread-4] com.zaxxer.hikari.HikariDataSource       : HikariPool-1 - Shutdown initiated...
2018-02-10 00:01:45.717  INFO 5587 --- [Thread-4] com.zaxxer.hikari.HikariDataSource       : HikariPool-1 - Shutdown completed.
2018-02-10 20:53:19.049  INFO 5910 --- [main] spring.test.SpringServiceTest            : Starting SpringServiceTest on MacBookPro with PID 5910 (started by lang in /Users/lang/Desktop/github/java/blog)
2018-02-10 20:53:19.050  INFO 5910 --- [main] spring.test.SpringServiceTest            : No active profile set, falling back to default profiles: default
2018-02-10 20:53:19.093  INFO 5910 --- [main] o.s.w.c.s.GenericWebApplicationContext   : Refreshing org.springframework.web.context.support.GenericWebApplicationContext@730d2164: startup date [Sat Feb 10 20:53:19 CST 2018]; root of context hierarchy
2018-02-10 20:53:19.659  INFO 5910 --- [main] .s.d.r.c.RepositoryConfigurationDelegate : Multiple Spring Data modules found, entering strict repository configuration mode!
2018-02-10 20:53:20.003  INFO 5910 --- [main] trationDelegate$BeanPostProcessorChecker : Bean 'org.springframework.transaction.annotation.ProxyTransactionManagementConfiguration' of type [org.springframework.transaction.annotation.ProxyTransactionManagementConfiguration$$EnhancerBySpringCGLIB$$62fc8654] is not eligible for getting processed by all BeanPostProcessors (for example: not eligible for auto-proxying)
2018-02-10 20:53:20.983  INFO 5910 --- [main] s.w.s.m.m.a.RequestMappingHandlerAdapter : Looking for @ControllerAdvice: org.springframework.web.context.support.GenericWebApplicationContext@730d2164: startup date [Sat Feb 10 20:53:19 CST 2018]; root of context hierarchy
2018-02-10 20:53:21.061  INFO 5910 --- [main] s.w.s.m.m.a.RequestMappingHandlerMapping : Mapped "{[/hello/save],methods=[GET]}" onto public java.lang.String org.blog.controller.HelloController.save(java.lang.String,java.lang.String)
2018-02-10 20:53:21.062  INFO 5910 --- [main] s.w.s.m.m.a.RequestMappingHandlerMapping : Mapped "{[/hello/insert],methods=[GET]}" onto public java.lang.String org.blog.controller.HelloController.insert(java.lang.String)
2018-02-10 20:53:21.062  INFO 5910 --- [main] s.w.s.m.m.a.RequestMappingHandlerMapping : Mapped "{[/hello/sayHello]}" onto public java.lang.String org.blog.controller.HelloController.sayHello()
2018-02-10 20:53:21.063  INFO 5910 --- [main] s.w.s.m.m.a.RequestMappingHandlerMapping : Mapped "{[/hello/say]}" onto public java.lang.String org.blog.controller.HelloController.say(java.lang.String)
2018-02-10 20:53:21.063  INFO 5910 --- [main] s.w.s.m.m.a.RequestMappingHandlerMapping : Mapped "{[/hello/redis],methods=[GET]}" onto public java.lang.String org.blog.controller.HelloController.redis(java.lang.String)
2018-02-10 20:53:21.066  INFO 5910 --- [main] s.w.s.m.m.a.RequestMappingHandlerMapping : Mapped "{[/error]}" onto public org.springframework.http.ResponseEntity<java.util.Map<java.lang.String, java.lang.Object>> org.springframework.boot.autoconfigure.web.servlet.error.BasicErrorController.error(javax.servlet.http.HttpServletRequest)
2018-02-10 20:53:21.067  INFO 5910 --- [main] s.w.s.m.m.a.RequestMappingHandlerMapping : Mapped "{[/error],produces=[text/html]}" onto public org.springframework.web.servlet.ModelAndView org.springframework.boot.autoconfigure.web.servlet.error.BasicErrorController.errorHtml(javax.servlet.http.HttpServletRequest,javax.servlet.http.HttpServletResponse)
2018-02-10 20:53:21.100  INFO 5910 --- [main] o.s.w.s.handler.SimpleUrlHandlerMapping  : Mapped URL path [/webjars/**] onto handler of type [class org.springframework.web.servlet.resource.ResourceHttpRequestHandler]
2018-02-10 20:53:21.100  INFO 5910 --- [main] o.s.w.s.handler.SimpleUrlHandlerMapping  : Mapped URL path [/**] onto handler of type [class org.springframework.web.servlet.resource.ResourceHttpRequestHandler]
2018-02-10 20:53:21.145  INFO 5910 --- [main] o.s.w.s.handler.SimpleUrlHandlerMapping  : Mapped URL path [/**/favicon.ico] onto handler of type [class org.springframework.web.servlet.resource.ResourceHttpRequestHandler]
2018-02-10 20:53:21.417  INFO 5910 --- [main] spring.test.SpringServiceTest            : Started SpringServiceTest in 2.619 seconds (JVM running for 3.284)
2018-02-10 20:53:21.604  INFO 5910 --- [main] com.zaxxer.hikari.HikariDataSource       : HikariPool-1 - Starting...
2018-02-10 20:53:21.607  WARN 5910 --- [main] com.zaxxer.hikari.util.DriverDataSource  : Registered driver with driverClassName=com.mysql.jdbc.Driver was not found, trying direct instantiation.
2018-02-10 20:53:21.937  INFO 5910 --- [main] com.zaxxer.hikari.HikariDataSource       : HikariPool-1 - Start completed.
2018-02-10 20:53:21.973  INFO 5910 --- [Thread-4] o.s.w.c.s.GenericWebApplicationContext   : Closing org.springframework.web.context.support.GenericWebApplicationContext@730d2164: startup date [Sat Feb 10 20:53:19 CST 2018]; root of context hierarchy
2018-02-10 20:53:21.976  INFO 5910 --- [Thread-4] com.zaxxer.hikari.HikariDataSource       : HikariPool-1 - Shutdown initiated...
2018-02-10 20:53:21.978  INFO 5910 --- [Thread-4] com.zaxxer.hikari.HikariDataSource       : HikariPool-1 - Shutdown completed.
